
VCFtools - 0.1.16
(C) Adam Auton and Anthony Marcketta 2009

Parameters as interpreted:
	--vcf data/sniffles/merged_genotyped_1kbpdist_typesave.vcf
	--chr 1
	--chr 10
	--chr 11
	--chr 12
	--chr 13
	--chr 14
	--chr 15
	--chr 16
	--chr 17
	--chr 18
	--chr 19
	--chr 2
	--chr 20
	--chr 21
	--chr 22
	--chr 23
	--chr 24
	--chr 25
	--chr 26
	--chr 27
	--chr 28
	--chr 29
	--chr 3
	--chr 30
	--chr 31
	--chr 32
	--chr 33
	--chr 34
	--chr 35
	--chr 36
	--chr 37
	--chr 38
	--chr 4
	--chr 5
	--chr 6
	--chr 7
	--chr 8
	--chr 9
	--recode-INFO-all
	--out data/sniffles/merged_genotyped_filtered
	--recode

Warning: Expected at least 2 parts in FORMAT entry: ID=DR,Number=2,Type=Integer,Description="# supporting reference,variant reads in that order">
After filtering, kept 3 out of 3 Individuals
Outputting VCF file...
After filtering, kept 73170 out of a possible 77027 Sites
Run Time = 3.00 seconds
