Building DAG of jobs...
Creating conda environment code/snakemake/smoove_conda_env.yaml...
Downloading and installing remote packages.
CreateCondaEnvironmentException:
Could not create conda environment from /crex/proj/sllstore2017034/nobackup/work/lars/thesis/code/snakemake/smoove_conda_env.yaml:
Command:
mamba env create --quiet --file "/crex/proj/sllstore2017034/nobackup/work/lars/thesis/code/snakemake/481739a9f843f5606da1874a1eb761df_.yaml" --prefix "/crex/proj/sllstore2017034/nobackup/work/lars/thesis/code/snakemake/481739a9f843f5606da1874a1eb761df_"
Output:

# >>>>>>>>>>>>>>>>>>>>>> ERROR REPORT <<<<<<<<<<<<<<<<<<<<<<

    Traceback (most recent call last):
      File "/sw/apps/conda/latest/rackham/lib/python3.7/site-packages/conda/exceptions.py", line 1129, in __call__
        return func(*args, **kwargs)
      File "/sw/apps/conda/latest/rackham/lib/python3.7/site-packages/conda_env/cli/main.py", line 80, in do_call
        exit_code = getattr(module, func_name)(args, parser)
      File "/sw/apps/conda/latest/rackham/lib/python3.7/site-packages/conda/notices/core.py", line 72, in wrapper
        return_value = func(*args, **kwargs)
      File "/sw/apps/conda/latest/rackham/lib/python3.7/site-packages/conda_env/cli/main_create.py", line 156, in execute
        result[installer_type] = installer.install(prefix, pkg_specs, args, env)
      File "/sw/apps/conda/latest/rackham/lib/python3.7/site-packages/mamba/mamba_env.py", line 55, in mamba_install
        index = load_channels(pool, channel_urls, repos, prepend=False)
      File "/sw/apps/conda/latest/rackham/lib/python3.7/site-packages/mamba/utils.py", line 135, in load_channels
        use_cache=use_cache,
      File "/sw/apps/conda/latest/rackham/lib/python3.7/site-packages/mamba/utils.py", line 110, in get_index
        is_downloaded = dlist.download(api.MAMBA_DOWNLOAD_FAILFAST)
    RuntimeError: Download error (28) Timeout was reached [https://conda.anaconda.org/bioconda/noarch/repodata.json]
    Connection time-out

`$ /sw/apps/conda/latest/rackham/bin/mamba create --quiet --file /crex/proj/sllstore2017034/nobackup/work/lars/thesis/code/snakemake/481739a9f843f5606da1874a1eb761df_.yaml --prefix /crex/proj/sllstore2017034/nobackup/work/lars/thesis/code/snakemake/481739a9f843f5606da1874a1eb761df_`

  environment variables:
                 CIO_TEST=<not set>
  CONDA_AUTO_UPDATE_CONDA=false
               CONDA_ROOT=/sw/apps/conda/latest/rackham
           CURL_CA_BUNDLE=<not set>
                 GDL_PATH=+/usr/share/gnudatalanguage
          LD_LIBRARY_PATH=/sw/libs/wxWidgets/lib
  LMOD_DEFAULT_MODULEPATH=/sw/mf/rackham/applications:/sw/mf/rackham/build-tools/:/sw/mf/rackham
                          /compilers/:/sw/mf/rackham/data/:/sw/mf/rackham/environment/:/sw/mf/ra
                          ckham/libraries/:/sw/mf/rackham/parallel/
                  MANPATH=/sw/comp/python3/3.9.5/rackham/share/man:/usr/share/man:/sw/uppmax/man
                          :/opt/thinlinc/share/man
               MODULEPATH=/sw/mf/rackham/bioinfo-tools/annotation:/sw/mf/rackham/bioinfo-
                          tools/alignment:/sw/mf/rackham/bioinfo-
                          tools/assembly:/sw/mf/rackham/bioinfo-
                          tools/misc:/sw/mf/rackham/bioinfo-
                          tools/phylogeny:/sw/mf/rackham/bioinfo-
                          tools/pipelines:/sw/mf/rackham/bioinfo-
                          tools/sw_collections:/sw/mf/rackham/applications:/sw/mf/rackham/build-
                          tools:/sw/mf/rackham/compilers:/sw/mf/rackham/data:/sw/mf/rackham/envi
                          ronment:/sw/mf/rackham/libraries:/sw/mf/rackham/parallel
                     PATH=/sw/bioinfo/snakemake/7.18.2/rackham/bin:/sw/comp/python3/3.9.5/rackha
                          m/bin:/home/lsahuson/bin:/sw/apps/conda/latest/rackham/bin:/usr/local/
                          bin:/usr/bin:/usr/local/sbin:/usr/sbin:/sw/uppmax/bin
          PKG_CONFIG_PATH=/sw/comp/python3/3.9.5/rackham/lib/pkgconfig
             PYTHON3_ROOT=/sw/comp/python3/3.9.5/rackham
               PYTHONPATH=/sw/bioinfo/snakemake/7.18.2/rackham/lib/python3.9/site-
                          packages:/sw/bioinfo/snakemake/7.18.2/rackham
       REQUESTS_CA_BUNDLE=<not set>
            SSL_CERT_FILE=<not set>
__LMOD_REF_COUNT_LD_LIBRARY_PATH=/sw/libs/wxWidgets/lib:1
 __LMOD_REF_COUNT_MANPATH=/sw/comp/python3/3.9.5/rackham/share/man:1;/usr/share/man:4;/sw/uppmax
                          /man:4;/opt/thinlinc/share/man:4
__LMOD_REF_COUNT_MODULEPATH=/sw/mf/rackham/bioinfo-tools/annotation:1;/sw/mf/rackham/bioinfo-
                          tools/alignment:1;/sw/mf/rackham/bioinfo-
                          tools/assembly:1;/sw/mf/rackham/bioinfo-
                          tools/misc:1;/sw/mf/rackham/bioinfo-
                          tools/phylogeny:1;/sw/mf/rackham/bioinfo-
                          tools/pipelines:1;/sw/mf/rackham/bioinfo-tools/sw_collections:1;/sw/mf
                          /rackham/applications:1;/sw/mf/rackham/build-tools:1;/sw/mf/rackham/co
                          mpilers:1;/sw/mf/rackham/data:1;/sw/mf/rackham/environment:1;/sw/mf/ra
                          ckham/libraries:1;/sw/mf/rackham/parallel:1
    __LMOD_REF_COUNT_PATH=/sw/bioinfo/snakemake/7.18.2/rackham/bin:1;/sw/comp/python3/3.9.5/rack
                          ham/bin:1;/home/lsahuson/bin:2;/sw/apps/conda/latest/rackham/bin:1;/us
                          r/local/bin:1;/usr/bin:1;/usr/local/sbin:1;/usr/sbin:1;/sw/uppmax/bin:
                          4
__LMOD_REF_COUNT_PKG_CONFIG_PATH=/sw/comp/python3/3.9.5/rackham/lib/pkgconfig:1
__LMOD_REF_COUNT_PYTHONPATH=/sw/bioinfo/snakemake/7.18.2/rackham/lib/python3.9/site-
                          packages:1;/sw/bioinfo/snakemake/7.18.2/rackham:1

     active environment : None
       user config file : /home/lsahuson/.condarc
 populated config files : /sw/apps/conda/latest/rackham/.condarc
                          /home/lsahuson/.condarc
          conda version : 22.9.0
    conda-build version : 3.22.0
         python version : 3.7.3.final.0
       virtual packages : __linux=3.10.0=0
                          __glibc=2.17=0
                          __unix=0=0
                          __archspec=1=x86_64
       base environment : /sw/apps/conda/latest/rackham  (read only)
      conda av data dir : /sw/apps/conda/latest/rackham/etc/conda
  conda av metadata url : None
           channel URLs : file:///sw/apps/conda/latest/rackham/local_repo/conda-forge/linux-64
                          file:///sw/apps/conda/latest/rackham/local_repo/conda-forge/noarch
                          file:///sw/apps/conda/latest/rackham/local_repo/scilifelab-lts/linux-64
                          file:///sw/apps/conda/latest/rackham/local_repo/scilifelab-lts/noarch
                          file:///sw/apps/conda/latest/rackham/local_repo/r/linux-64
                          file:///sw/apps/conda/latest/rackham/local_repo/r/noarch
                          file:///sw/apps/conda/latest/rackham/local_repo/main/linux-64
                          file:///sw/apps/conda/latest/rackham/local_repo/main/noarch
                          file:///sw/apps/conda/latest/rackham/local_repo/bioconda/linux-64
                          file:///sw/apps/conda/latest/rackham/local_repo/bioconda/noarch
                          file:///sw/apps/conda/latest/rackham/local_repo/free/linux-64
                          file:///sw/apps/conda/latest/rackham/local_repo/free/noarch
                          file:///sw/apps/conda/latest/rackham/local_repo/pro/linux-64
                          file:///sw/apps/conda/latest/rackham/local_repo/pro/noarch
                          file:///sw/apps/conda/latest/rackham/local_repo/qiime2/linux-64
                          file:///sw/apps/conda/latest/rackham/local_repo/qiime2/noarch
                          file:///sw/apps/conda/latest/rackham/local_repo/biocore/linux-64
                          file:///sw/apps/conda/latest/rackham/local_repo/biocore/noarch
                          file:///sw/apps/conda/latest/rackham/local_repo/dranew/linux-64
                          file:///sw/apps/conda/latest/rackham/local_repo/dranew/noarch
                          file:///sw/apps/conda/latest/rackham/local_repo/r2018.11/linux-64
                          file:///sw/apps/conda/latest/rackham/local_repo/r2018.11/noarch
          package cache : /sw/apps/conda/latest/rackham/pkgs
                          /home/lsahuson/.conda/pkgs
       envs directories : /home/lsahuson/.conda/envs
                          /sw/apps/conda/latest/rackham/envs
               platform : linux-64
             user-agent : conda/22.9.0 requests/2.28.1 CPython/3.7.3 Linux/3.10.0-1160.81.1.el7.x86_64 centos/7.9.2009 glibc/2.17
                UID:GID : 4019973:4019973
             netrc file : None
           offline mode : False


An unexpected error has occurred. Conda has prepared the above report.


