Building DAG of jobs...
Using shell: /usr/bin/bash
Provided cores: 1 (use --cores to define parallelism)
Rules claiming more threads will be scaled down.
Job stats:
job      count    min threads    max threads
-----  -------  -------------  -------------
all          1              1              1
copy         1              1              1
total        2              1              1

Select jobs to execute...

[Wed Jan 25 14:20:55 2023]
rule copy:
    input: data/raw_data/kardos2018/16-D-89-03.merged.md.real.fm.recal.cram
    output: snake_test/16-D-89-03.txt
    jobid: 1
    reason: Missing output files: snake_test/16-D-89-03.txt
    wildcards: wolf=16-D-89-03
    resources: tmpdir=/scratch

[Wed Jan 25 14:20:55 2023]
Finished job 1.
1 of 2 steps (50%) done
Select jobs to execute...

[Wed Jan 25 14:20:55 2023]
localrule all:
    input: snake_test/16-D-89-03.txt
    jobid: 0
    reason: Input files updated by another job: snake_test/16-D-89-03.txt
    resources: tmpdir=/scratch

[Wed Jan 25 14:20:55 2023]
Finished job 0.
2 of 2 steps (100%) done
Complete log: .snakemake/log/2023-01-25T142055.183938.snakemake.log
