Building DAG of jobs...
Using shell: /usr/bin/bash
Provided cores: 1 (use --cores to define parallelism)
Rules claiming more threads will be scaled down.
Job stats:
job      count    min threads    max threads
-----  -------  -------------  -------------
all          1              1              1
copy         1              1              1
total        2              1              1

Select jobs to execute...

[Wed Jan 25 14:18:54 2023]
rule copy:
    input: data/raw_data/kardos2018/16-D-89-03.merged.md.real.fm.recal.cram
    output: snake_test/16-D-89-03.txt
    jobid: 1
    reason: Missing output files: snake_test/16-D-89-03.txt
    wildcards: wolf=16-D-89-03
    resources: tmpdir=/scratch

RuleException in rule copy  in line 7 of /crex/proj/sllstore2017034/nobackup/work/lars/thesis/snaketest:
NameError: The name 'wolf' is unknown in this context. Did you mean 'wildcards.wolf'?, when formatting the following:
echo '{wolf}.cram' > snake_test/{wolf}.txt
