PLINK v2.00a3.7LM AVX2 Intel (24 Oct 2022)
Options in effect:
  --autosome-num 38
  --make-pgen
  --out data/plink/del_plcr_rejects_plinkfile
  --sort-vars
  --vcf data/smoove/annotated/cohort.plcr_rejects.del.vcf

Hostname: r1228.uppmax.uu.se
Working directory: /crex/proj/sllstore2017034/nobackup/work/lars/thesis
Start time: Fri Apr 14 14:10:28 2023

Random number seed: 1681474228
257675 MiB RAM detected; reserving 128837 MiB for main workspace.
Using up to 4 compute threads.
--vcf: 28261 variants scanned.
--vcf: data/plink/del_plcr_rejects_plinkfile-temporary.pgen +
data/plink/del_plcr_rejects_plinkfile-temporary.pvar.zst +
data/plink/del_plcr_rejects_plinkfile-temporary.psam written.
212 samples (0 females, 0 males, 212 ambiguous; 212 founders) loaded from
data/plink/del_plcr_rejects_plinkfile-temporary.psam.
28261 variants loaded from
data/plink/del_plcr_rejects_plinkfile-temporary.pvar.zst.
Note: No phenotype data present.
Writing data/plink/del_plcr_rejects_plinkfile.pvar ... done.
Writing data/plink/del_plcr_rejects_plinkfile.psam ... done.
Writing data/plink/del_plcr_rejects_plinkfile.pgen ... done.

End time: Fri Apr 14 14:10:30 2023
