PLINK v2.00a3.7LM AVX2 Intel (24 Oct 2022)
Options in effect:
  --autosome-num 38
  --make-pgen
  --out data/plink/del_iso_duph_rejects_plinkfile
  --sort-vars
  --vcf data/smoove/annotated/cohort.isolated_duphold_rejects.del.vcf

Hostname: r133.uppmax.uu.se
Working directory: /crex/proj/sllstore2017034/nobackup/work/lars/thesis
Start time: Mon Apr  3 15:41:50 2023

Random number seed: 1680529310
128373 MiB RAM detected; reserving 64186 MiB for main workspace.
Using up to 4 compute threads.
--vcf: 1185 variants scanned.
--vcf: data/plink/del_iso_duph_rejects_plinkfile-temporary.pgen +
data/plink/del_iso_duph_rejects_plinkfile-temporary.pvar.zst +
data/plink/del_iso_duph_rejects_plinkfile-temporary.psam written.
212 samples (0 females, 0 males, 212 ambiguous; 212 founders) loaded from
data/plink/del_iso_duph_rejects_plinkfile-temporary.psam.
1185 variants loaded from
data/plink/del_iso_duph_rejects_plinkfile-temporary.pvar.zst.
Note: No phenotype data present.
Writing data/plink/del_iso_duph_rejects_plinkfile.pvar ... done.
Writing data/plink/del_iso_duph_rejects_plinkfile.psam ... done.
Writing data/plink/del_iso_duph_rejects_plinkfile.pgen ... done.

End time: Mon Apr  3 15:41:51 2023
