PLINK v2.00a3.7LM AVX2 Intel (24 Oct 2022)
Options in effect:
  --autosome-num 38
  --out data/plink/del_reject_pca
  --pca 10
  --pfile data/plink/del_rejects_plinkfile
  --threads 4

Hostname: r59.uppmax.uu.se
Working directory: /crex/proj/sllstore2017034/nobackup/work/lars/thesis
Start time: Wed Mar 29 13:38:03 2023

Random number seed: 1680089883
128373 MiB RAM detected; reserving 64186 MiB for main workspace.
Using up to 4 compute threads.
212 samples (0 females, 0 males, 212 ambiguous; 212 founders) loaded from
data/plink/del_rejects_plinkfile.psam.
29488 variants loaded from data/plink/del_rejects_plinkfile.pvar.
Note: No phenotype data present.
Calculating allele frequencies... done.
Constructing GRM: done.
Correcting for missingness... done.
Extracting eigenvalues and eigenvectors... done.
--pca: Eigenvectors written to data/plink/del_reject_pca.eigenvec , and
eigenvalues written to data/plink/del_reject_pca.eigenval .

End time: Wed Mar 29 13:38:03 2023
