PLINK v2.00a3.7LM AVX2 Intel (24 Oct 2022)
Options in effect:
  --autosome-num 38
  --make-pgen
  --out data/plink/del_rejects_plinkfile
  --sort-vars
  --vcf data/smoove/annotated/cohort.rejects.del.vcf

Hostname: r1228.uppmax.uu.se
Working directory: /crex/proj/sllstore2017034/nobackup/work/lars/thesis
Start time: Fri Apr 14 14:10:31 2023

Random number seed: 1681474231
257675 MiB RAM detected; reserving 128837 MiB for main workspace.
Using up to 4 compute threads.
--vcf: 29488 variants scanned.
--vcf: data/plink/del_rejects_plinkfile-temporary.pgen +
data/plink/del_rejects_plinkfile-temporary.pvar.zst +
data/plink/del_rejects_plinkfile-temporary.psam written.
212 samples (0 females, 0 males, 212 ambiguous; 212 founders) loaded from
data/plink/del_rejects_plinkfile-temporary.psam.
29488 variants loaded from data/plink/del_rejects_plinkfile-temporary.pvar.zst.
Note: No phenotype data present.
Writing data/plink/del_rejects_plinkfile.pvar ... done.
Writing data/plink/del_rejects_plinkfile.psam ... done.
Writing data/plink/del_rejects_plinkfile.pgen ... done.

End time: Fri Apr 14 14:10:33 2023
