PLINK v2.00a3.7LM AVX2 Intel (24 Oct 2022)
Options in effect:
  --autosome-num 38
  --out data/plink/dup_plcr_reject_pca
  --pca 10
  --pfile data/plink/dup_plcr_rejects_plinkfile
  --threads 4

Hostname: r1228.uppmax.uu.se
Working directory: /crex/proj/sllstore2017034/nobackup/work/lars/thesis
Start time: Fri Apr 14 14:10:21 2023

Random number seed: 1681474221
257675 MiB RAM detected; reserving 128837 MiB for main workspace.
Using up to 4 compute threads.
212 samples (0 females, 0 males, 212 ambiguous; 212 founders) loaded from
data/plink/dup_plcr_rejects_plinkfile.psam.
5606 variants loaded from data/plink/dup_plcr_rejects_plinkfile.pvar.
Note: No phenotype data present.
Calculating allele frequencies... done.
Constructing GRM: done.
Correcting for missingness... done.
Extracting eigenvalues and eigenvectors... done.
--pca: Eigenvectors written to data/plink/dup_plcr_reject_pca.eigenvec , and
eigenvalues written to data/plink/dup_plcr_reject_pca.eigenval .

End time: Fri Apr 14 14:10:21 2023
