PLINK v2.00a3.7LM AVX2 Intel (24 Oct 2022)
Options in effect:
  --autosome-num 38
  --make-pgen
  --out data/plink/dup_plinkfile
  --sort-vars
  --vcf data/plotcritic/cohort.anno.filtered.curated.dup.vcf

Hostname: r133.uppmax.uu.se
Working directory: /crex/proj/sllstore2017034/nobackup/work/lars/thesis
Start time: Mon Apr  3 15:41:37 2023

Random number seed: 1680529297
128373 MiB RAM detected; reserving 64186 MiB for main workspace.
Using up to 4 compute threads.
--vcf: 1040 variants scanned.
--vcf: data/plink/dup_plinkfile-temporary.pgen +
data/plink/dup_plinkfile-temporary.pvar.zst +
data/plink/dup_plinkfile-temporary.psam written.
212 samples (0 females, 0 males, 212 ambiguous; 212 founders) loaded from
data/plink/dup_plinkfile-temporary.psam.
1040 variants loaded from data/plink/dup_plinkfile-temporary.pvar.zst.
Note: No phenotype data present.
Writing data/plink/dup_plinkfile.pvar ... done.
Writing data/plink/dup_plinkfile.psam ... done.
Writing data/plink/dup_plinkfile.pgen ... done.

End time: Mon Apr  3 15:41:37 2023
