PLINK v2.00a3.7LM AVX2 Intel (24 Oct 2022)
Options in effect:
  --autosome-num 38
  --make-pgen
  --out data/plink/dup_duph_rejects_plinkfile
  --sort-vars
  --vcf data/smoove/annotated/cohort.duphold_rejects.dup.vcf

Hostname: r1228.uppmax.uu.se
Working directory: /crex/proj/sllstore2017034/nobackup/work/lars/thesis
Start time: Fri Apr 14 14:10:21 2023

Random number seed: 1681474221
257675 MiB RAM detected; reserving 128837 MiB for main workspace.
Using up to 4 compute threads.
--vcf: 747 variants scanned.
--vcf: data/plink/dup_duph_rejects_plinkfile-temporary.pgen +
data/plink/dup_duph_rejects_plinkfile-temporary.pvar.zst +
data/plink/dup_duph_rejects_plinkfile-temporary.psam written.
212 samples (0 females, 0 males, 212 ambiguous; 212 founders) loaded from
data/plink/dup_duph_rejects_plinkfile-temporary.psam.
747 variants loaded from
data/plink/dup_duph_rejects_plinkfile-temporary.pvar.zst.
Note: No phenotype data present.
Writing data/plink/dup_duph_rejects_plinkfile.pvar ... done.
Writing data/plink/dup_duph_rejects_plinkfile.psam ... done.
Writing data/plink/dup_duph_rejects_plinkfile.pgen ... done.

End time: Fri Apr 14 14:10:22 2023
