PLINK v2.00a3.7LM AVX2 Intel (24 Oct 2022)
Options in effect:
  --autosome-num 38
  --make-pgen
  --out data/plink/inv_50_subset_fi_plinkfile
  --sort-vars
  --vcf data/plotcritic/cohort.curated.inv.50.subset_fi.vcf

Hostname: r246.uppmax.uu.se
Working directory: /crex/proj/sllstore2017034/nobackup/work/lars/thesis
Start time: Tue May 23 13:30:30 2023

Random number seed: 1684841430
128373 MiB RAM detected; reserving 64186 MiB for main workspace.
Using up to 4 compute threads.
--vcf: 144 variants scanned.
--vcf: data/plink/inv_50_subset_fi_plinkfile-temporary.pgen +
data/plink/inv_50_subset_fi_plinkfile-temporary.pvar.zst +
data/plink/inv_50_subset_fi_plinkfile-temporary.psam written.
101 samples (0 females, 0 males, 101 ambiguous; 101 founders) loaded from
data/plink/inv_50_subset_fi_plinkfile-temporary.psam.
144 variants loaded from
data/plink/inv_50_subset_fi_plinkfile-temporary.pvar.zst.
Note: No phenotype data present.
Writing data/plink/inv_50_subset_fi_plinkfile.pvar ... done.
Writing data/plink/inv_50_subset_fi_plinkfile.psam ... done.
Writing data/plink/inv_50_subset_fi_plinkfile.pgen ... done.

End time: Tue May 23 13:30:30 2023
