PLINK v2.00a3.7LM AVX2 Intel (24 Oct 2022)
Options in effect:
  --autosome-num 38
  --out data/plink/inv_subset_se_pca
  --pca 10
  --pfile data/plink/inv_subset_se_plinkfile
  --threads 4

Hostname: r1242.uppmax.uu.se
Working directory: /crex/proj/sllstore2017034/nobackup/work/lars/thesis
Start time: Mon Apr 17 13:46:45 2023

Random number seed: 1681732005
257675 MiB RAM detected; reserving 128837 MiB for main workspace.
Using up to 4 compute threads.
97 samples (0 females, 0 males, 97 ambiguous; 97 founders) loaded from
data/plink/inv_subset_se_plinkfile.psam.
146 variants loaded from data/plink/inv_subset_se_plinkfile.pvar.
Note: No phenotype data present.
Calculating allele frequencies... done.
Constructing GRM: done.
Correcting for missingness... done.
Extracting eigenvalues and eigenvectors... done.
--pca: Eigenvectors written to data/plink/inv_subset_se_pca.eigenvec , and
eigenvalues written to data/plink/inv_subset_se_pca.eigenval .

End time: Mon Apr 17 13:46:45 2023
