PLINK v2.00a3.7LM AVX2 Intel (24 Oct 2022)
Options in effect:
  --autosome-num 38
  --out data/SNPs/plink/SNPs_subset_se_pca
  --pca 10
  --pfile data/SNPs/plink/SNPs_subset_se_plinkfile
  --threads 4

Hostname: r1242.uppmax.uu.se
Working directory: /crex/proj/sllstore2017034/nobackup/work/lars/thesis
Start time: Mon Apr 17 13:47:29 2023

Random number seed: 1681732049
257675 MiB RAM detected; reserving 128837 MiB for main workspace.
Using up to 4 compute threads.
97 samples (0 females, 0 males, 97 ambiguous; 97 founders) loaded from
data/SNPs/plink/SNPs_subset_se_plinkfile.psam.
8313538 variants loaded from data/SNPs/plink/SNPs_subset_se_plinkfile.pvar.
Note: No phenotype data present.
Calculating allele frequencies... done.
Constructing GRM: done.
Correcting for missingness... done.
Extracting eigenvalues and eigenvectors... done.
--pca: Eigenvectors written to data/SNPs/plink/SNPs_subset_se_pca.eigenvec ,
and eigenvalues written to data/SNPs/plink/SNPs_subset_se_pca.eigenval .

End time: Mon Apr 17 13:47:35 2023
